/users/ccsosaa/.local/lib/python3.9/site-packages/sklearn/ensemble/_base.py:166: FutureWarning: `base_estimator` was renamed to `estimator` in version 1.2 and will be removed in 1.4.
  warnings.warn(
SVM
/users/ccsosaa/.local/lib/python3.9/site-packages/sklearn/utils/deprecation.py:101: FutureWarning: Attribute `base_estimator_` was deprecated in version 1.2 and will be removed in 1.4. Use `estimator_` instead.
  warnings.warn(msg, category=FutureWarning)
/users/ccsosaa/.local/lib/python3.9/site-packages/sklearn/utils/deprecation.py:101: FutureWarning: Attribute `base_estimator_` was deprecated in version 1.2 and will be removed in 1.4. Use `estimator_` instead.
  warnings.warn(msg, category=FutureWarning)
/users/ccsosaa/.local/lib/python3.9/site-packages/sklearn/utils/deprecation.py:101: FutureWarning: Attribute `base_estimator_` was deprecated in version 1.2 and will be removed in 1.4. Use `estimator_` instead.
  warnings.warn(msg, category=FutureWarning)
/users/ccsosaa/.local/lib/python3.9/site-packages/sklearn/utils/deprecation.py:101: FutureWarning: Attribute `base_estimator_` was deprecated in version 1.2 and will be removed in 1.4. Use `estimator_` instead.
  warnings.warn(msg, category=FutureWarning)
/users/ccsosaa/.local/lib/python3.9/site-packages/sklearn/utils/deprecation.py:101: FutureWarning: Attribute `base_estimator_` was deprecated in version 1.2 and will be removed in 1.4. Use `estimator_` instead.
  warnings.warn(msg, category=FutureWarning)
/users/ccsosaa/.local/lib/python3.9/site-packages/sklearn/utils/deprecation.py:101: FutureWarning: Attribute `base_estimator_` was deprecated in version 1.2 and will be removed in 1.4. Use `estimator_` instead.
  warnings.warn(msg, category=FutureWarning)
/users/ccsosaa/.local/lib/python3.9/site-packages/sklearn/utils/deprecation.py:101: FutureWarning: Attribute `base_estimator_` was deprecated in version 1.2 and will be removed in 1.4. Use `estimator_` instead.
  warnings.warn(msg, category=FutureWarning)
/users/ccsosaa/.local/lib/python3.9/site-packages/sklearn/utils/deprecation.py:101: FutureWarning: Attribute `base_estimator_` was deprecated in version 1.2 and will be removed in 1.4. Use `estimator_` instead.
  warnings.warn(msg, category=FutureWarning)
/users/ccsosaa/.local/lib/python3.9/site-packages/sklearn/utils/deprecation.py:101: FutureWarning: Attribute `base_estimator_` was deprecated in version 1.2 and will be removed in 1.4. Use `estimator_` instead.
  warnings.warn(msg, category=FutureWarning)
/users/ccsosaa/.local/lib/python3.9/site-packages/sklearn/utils/deprecation.py:101: FutureWarning: Attribute `base_estimator_` was deprecated in version 1.2 and will be removed in 1.4. Use `estimator_` instead.
  warnings.warn(msg, category=FutureWarning)
/users/ccsosaa/.local/lib/python3.9/site-packages/sklearn/utils/deprecation.py:101: FutureWarning: Attribute `base_estimator_` was deprecated in version 1.2 and will be removed in 1.4. Use `estimator_` instead.
  warnings.warn(msg, category=FutureWarning)
/users/ccsosaa/.local/lib/python3.9/site-packages/sklearn/utils/deprecation.py:101: FutureWarning: Attribute `base_estimator_` was deprecated in version 1.2 and will be removed in 1.4. Use `estimator_` instead.
  warnings.warn(msg, category=FutureWarning)
/users/ccsosaa/.local/lib/python3.9/site-packages/sklearn/utils/deprecation.py:101: FutureWarning: Attribute `base_estimator_` was deprecated in version 1.2 and will be removed in 1.4. Use `estimator_` instead.
  warnings.warn(msg, category=FutureWarning)
/users/ccsosaa/.local/lib/python3.9/site-packages/sklearn/utils/deprecation.py:101: FutureWarning: Attribute `base_estimator_` was deprecated in version 1.2 and will be removed in 1.4. Use `estimator_` instead.
  warnings.warn(msg, category=FutureWarning)
/users/ccsosaa/.local/lib/python3.9/site-packages/sklearn/utils/deprecation.py:101: FutureWarning: Attribute `base_estimator_` was deprecated in version 1.2 and will be removed in 1.4. Use `estimator_` instead.
  warnings.warn(msg, category=FutureWarning)
/users/ccsosaa/.local/lib/python3.9/site-packages/sklearn/utils/deprecation.py:101: FutureWarning: Attribute `base_estimator_` was deprecated in version 1.2 and will be removed in 1.4. Use `estimator_` instead.
  warnings.warn(msg, category=FutureWarning)
/users/ccsosaa/.local/lib/python3.9/site-packages/sklearn/utils/deprecation.py:101: FutureWarning: Attribute `base_estimator_` was deprecated in version 1.2 and will be removed in 1.4. Use `estimator_` instead.
  warnings.warn(msg, category=FutureWarning)
/users/ccsosaa/.local/lib/python3.9/site-packages/sklearn/utils/deprecation.py:101: FutureWarning: Attribute `base_estimator_` was deprecated in version 1.2 and will be removed in 1.4. Use `estimator_` instead.
  warnings.warn(msg, category=FutureWarning)
/users/ccsosaa/.local/lib/python3.9/site-packages/sklearn/utils/deprecation.py:101: FutureWarning: Attribute `base_estimator_` was deprecated in version 1.2 and will be removed in 1.4. Use `estimator_` instead.
  warnings.warn(msg, category=FutureWarning)
/users/ccsosaa/.local/lib/python3.9/site-packages/sklearn/utils/deprecation.py:101: FutureWarning: Attribute `base_estimator_` was deprecated in version 1.2 and will be removed in 1.4. Use `estimator_` instead.
  warnings.warn(msg, category=FutureWarning)
/users/ccsosaa/.local/lib/python3.9/site-packages/sklearn/utils/deprecation.py:101: FutureWarning: Attribute `base_estimator_` was deprecated in version 1.2 and will be removed in 1.4. Use `estimator_` instead.
  warnings.warn(msg, category=FutureWarning)
/users/ccsosaa/.local/lib/python3.9/site-packages/sklearn/utils/deprecation.py:101: FutureWarning: Attribute `base_estimator_` was deprecated in version 1.2 and will be removed in 1.4. Use `estimator_` instead.
  warnings.warn(msg, category=FutureWarning)
/users/ccsosaa/.local/lib/python3.9/site-packages/sklearn/utils/deprecation.py:101: FutureWarning: Attribute `base_estimator_` was deprecated in version 1.2 and will be removed in 1.4. Use `estimator_` instead.
  warnings.warn(msg, category=FutureWarning)
/users/ccsosaa/.local/lib/python3.9/site-packages/sklearn/utils/deprecation.py:101: FutureWarning: Attribute `base_estimator_` was deprecated in version 1.2 and will be removed in 1.4. Use `estimator_` instead.
  warnings.warn(msg, category=FutureWarning)
/users/ccsosaa/.local/lib/python3.9/site-packages/sklearn/utils/deprecation.py:101: FutureWarning: Attribute `base_estimator_` was deprecated in version 1.2 and will be removed in 1.4. Use `estimator_` instead.
  warnings.warn(msg, category=FutureWarning)
/users/ccsosaa/.local/lib/python3.9/site-packages/sklearn/utils/deprecation.py:101: FutureWarning: Attribute `base_estimator_` was deprecated in version 1.2 and will be removed in 1.4. Use `estimator_` instead.
  warnings.warn(msg, category=FutureWarning)
/users/ccsosaa/.local/lib/python3.9/site-packages/sklearn/utils/deprecation.py:101: FutureWarning: Attribute `base_estimator_` was deprecated in version 1.2 and will be removed in 1.4. Use `estimator_` instead.
  warnings.warn(msg, category=FutureWarning)
/users/ccsosaa/.local/lib/python3.9/site-packages/sklearn/utils/deprecation.py:101: FutureWarning: Attribute `base_estimator_` was deprecated in version 1.2 and will be removed in 1.4. Use `estimator_` instead.
  warnings.warn(msg, category=FutureWarning)
/users/ccsosaa/.local/lib/python3.9/site-packages/sklearn/utils/deprecation.py:101: FutureWarning: Attribute `base_estimator_` was deprecated in version 1.2 and will be removed in 1.4. Use `estimator_` instead.
  warnings.warn(msg, category=FutureWarning)
/users/ccsosaa/.local/lib/python3.9/site-packages/sklearn/utils/deprecation.py:101: FutureWarning: Attribute `base_estimator_` was deprecated in version 1.2 and will be removed in 1.4. Use `estimator_` instead.
  warnings.warn(msg, category=FutureWarning)
/users/ccsosaa/.local/lib/python3.9/site-packages/sklearn/utils/deprecation.py:101: FutureWarning: Attribute `base_estimator_` was deprecated in version 1.2 and will be removed in 1.4. Use `estimator_` instead.
  warnings.warn(msg, category=FutureWarning)
/users/ccsosaa/.local/lib/python3.9/site-packages/sklearn/utils/deprecation.py:101: FutureWarning: Attribute `base_estimator_` was deprecated in version 1.2 and will be removed in 1.4. Use `estimator_` instead.
  warnings.warn(msg, category=FutureWarning)
/users/ccsosaa/.local/lib/python3.9/site-packages/sklearn/utils/deprecation.py:101: FutureWarning: Attribute `base_estimator_` was deprecated in version 1.2 and will be removed in 1.4. Use `estimator_` instead.
  warnings.warn(msg, category=FutureWarning)
/users/ccsosaa/.local/lib/python3.9/site-packages/sklearn/utils/deprecation.py:101: FutureWarning: Attribute `base_estimator_` was deprecated in version 1.2 and will be removed in 1.4. Use `estimator_` instead.
  warnings.warn(msg, category=FutureWarning)
/users/ccsosaa/.local/lib/python3.9/site-packages/sklearn/utils/deprecation.py:101: FutureWarning: Attribute `base_estimator_` was deprecated in version 1.2 and will be removed in 1.4. Use `estimator_` instead.
  warnings.warn(msg, category=FutureWarning)
/users/ccsosaa/.local/lib/python3.9/site-packages/sklearn/utils/deprecation.py:101: FutureWarning: Attribute `base_estimator_` was deprecated in version 1.2 and will be removed in 1.4. Use `estimator_` instead.
  warnings.warn(msg, category=FutureWarning)
/users/ccsosaa/.local/lib/python3.9/site-packages/sklearn/utils/deprecation.py:101: FutureWarning: Attribute `base_estimator_` was deprecated in version 1.2 and will be removed in 1.4. Use `estimator_` instead.
  warnings.warn(msg, category=FutureWarning)
/users/ccsosaa/.local/lib/python3.9/site-packages/sklearn/utils/deprecation.py:101: FutureWarning: Attribute `base_estimator_` was deprecated in version 1.2 and will be removed in 1.4. Use `estimator_` instead.
  warnings.warn(msg, category=FutureWarning)
/users/ccsosaa/.local/lib/python3.9/site-packages/sklearn/utils/deprecation.py:101: FutureWarning: Attribute `base_estimator_` was deprecated in version 1.2 and will be removed in 1.4. Use `estimator_` instead.
  warnings.warn(msg, category=FutureWarning)
/users/ccsosaa/.local/lib/python3.9/site-packages/sklearn/utils/deprecation.py:101: FutureWarning: Attribute `base_estimator_` was deprecated in version 1.2 and will be removed in 1.4. Use `estimator_` instead.
  warnings.warn(msg, category=FutureWarning)
/users/ccsosaa/.local/lib/python3.9/site-packages/sklearn/ensemble/_base.py:166: FutureWarning: `base_estimator` was renamed to `estimator` in version 1.2 and will be removed in 1.4.
  warnings.warn(
/users/ccsosaa/.local/lib/python3.9/site-packages/sklearn/utils/deprecation.py:101: FutureWarning: Attribute `base_estimator_` was deprecated in version 1.2 and will be removed in 1.4. Use `estimator_` instead.
  warnings.warn(msg, category=FutureWarning)
/users/ccsosaa/.local/lib/python3.9/site-packages/sklearn/utils/deprecation.py:101: FutureWarning: Attribute `base_estimator_` was deprecated in version 1.2 and will be removed in 1.4. Use `estimator_` instead.
  warnings.warn(msg, category=FutureWarning)
/users/ccsosaa/.local/lib/python3.9/site-packages/sklearn/utils/deprecation.py:101: FutureWarning: Attribute `base_estimator_` was deprecated in version 1.2 and will be removed in 1.4. Use `estimator_` instead.
  warnings.warn(msg, category=FutureWarning)
/users/ccsosaa/.local/lib/python3.9/site-packages/sklearn/utils/deprecation.py:101: FutureWarning: Attribute `base_estimator_` was deprecated in version 1.2 and will be removed in 1.4. Use `estimator_` instead.
  warnings.warn(msg, category=FutureWarning)
/users/ccsosaa/.local/lib/python3.9/site-packages/sklearn/utils/deprecation.py:101: FutureWarning: Attribute `base_estimator_` was deprecated in version 1.2 and will be removed in 1.4. Use `estimator_` instead.
  warnings.warn(msg, category=FutureWarning)
/users/ccsosaa/.local/lib/python3.9/site-packages/sklearn/utils/deprecation.py:101: FutureWarning: Attribute `base_estimator_` was deprecated in version 1.2 and will be removed in 1.4. Use `estimator_` instead.
  warnings.warn(msg, category=FutureWarning)
/users/ccsosaa/.local/lib/python3.9/site-packages/sklearn/utils/deprecation.py:101: FutureWarning: Attribute `base_estimator_` was deprecated in version 1.2 and will be removed in 1.4. Use `estimator_` instead.
  warnings.warn(msg, category=FutureWarning)
/users/ccsosaa/.local/lib/python3.9/site-packages/sklearn/utils/deprecation.py:101: FutureWarning: Attribute `base_estimator_` was deprecated in version 1.2 and will be removed in 1.4. Use `estimator_` instead.
  warnings.warn(msg, category=FutureWarning)
/users/ccsosaa/.local/lib/python3.9/site-packages/sklearn/utils/deprecation.py:101: FutureWarning: Attribute `base_estimator_` was deprecated in version 1.2 and will be removed in 1.4. Use `estimator_` instead.
  warnings.warn(msg, category=FutureWarning)
/users/ccsosaa/.local/lib/python3.9/site-packages/sklearn/utils/deprecation.py:101: FutureWarning: Attribute `base_estimator_` was deprecated in version 1.2 and will be removed in 1.4. Use `estimator_` instead.
  warnings.warn(msg, category=FutureWarning)
/users/ccsosaa/.local/lib/python3.9/site-packages/sklearn/utils/deprecation.py:101: FutureWarning: Attribute `base_estimator_` was deprecated in version 1.2 and will be removed in 1.4. Use `estimator_` instead.
  warnings.warn(msg, category=FutureWarning)
/users/ccsosaa/.local/lib/python3.9/site-packages/sklearn/utils/deprecation.py:101: FutureWarning: Attribute `base_estimator_` was deprecated in version 1.2 and will be removed in 1.4. Use `estimator_` instead.
  warnings.warn(msg, category=FutureWarning)
/users/ccsosaa/.local/lib/python3.9/site-packages/sklearn/utils/deprecation.py:101: FutureWarning: Attribute `base_estimator_` was deprecated in version 1.2 and will be removed in 1.4. Use `estimator_` instead.
  warnings.warn(msg, category=FutureWarning)
/users/ccsosaa/.local/lib/python3.9/site-packages/sklearn/utils/deprecation.py:101: FutureWarning: Attribute `base_estimator_` was deprecated in version 1.2 and will be removed in 1.4. Use `estimator_` instead.
  warnings.warn(msg, category=FutureWarning)
/users/ccsosaa/.local/lib/python3.9/site-packages/sklearn/utils/deprecation.py:101: FutureWarning: Attribute `base_estimator_` was deprecated in version 1.2 and will be removed in 1.4. Use `estimator_` instead.
  warnings.warn(msg, category=FutureWarning)
/users/ccsosaa/.local/lib/python3.9/site-packages/sklearn/utils/deprecation.py:101: FutureWarning: Attribute `base_estimator_` was deprecated in version 1.2 and will be removed in 1.4. Use `estimator_` instead.
  warnings.warn(msg, category=FutureWarning)
/users/ccsosaa/.local/lib/python3.9/site-packages/sklearn/utils/deprecation.py:101: FutureWarning: Attribute `base_estimator_` was deprecated in version 1.2 and will be removed in 1.4. Use `estimator_` instead.
  warnings.warn(msg, category=FutureWarning)
/users/ccsosaa/.local/lib/python3.9/site-packages/sklearn/utils/deprecation.py:101: FutureWarning: Attribute `base_estimator_` was deprecated in version 1.2 and will be removed in 1.4. Use `estimator_` instead.
  warnings.warn(msg, category=FutureWarning)
/users/ccsosaa/.local/lib/python3.9/site-packages/sklearn/utils/deprecation.py:101: FutureWarning: Attribute `base_estimator_` was deprecated in version 1.2 and will be removed in 1.4. Use `estimator_` instead.
  warnings.warn(msg, category=FutureWarning)
/users/ccsosaa/.local/lib/python3.9/site-packages/sklearn/utils/deprecation.py:101: FutureWarning: Attribute `base_estimator_` was deprecated in version 1.2 and will be removed in 1.4. Use `estimator_` instead.
  warnings.warn(msg, category=FutureWarning)
/users/ccsosaa/.local/lib/python3.9/site-packages/sklearn/utils/deprecation.py:101: FutureWarning: Attribute `base_estimator_` was deprecated in version 1.2 and will be removed in 1.4. Use `estimator_` instead.
  warnings.warn(msg, category=FutureWarning)
/users/ccsosaa/.local/lib/python3.9/site-packages/sklearn/utils/deprecation.py:101: FutureWarning: Attribute `base_estimator_` was deprecated in version 1.2 and will be removed in 1.4. Use `estimator_` instead.
  warnings.warn(msg, category=FutureWarning)
/users/ccsosaa/.local/lib/python3.9/site-packages/sklearn/utils/deprecation.py:101: FutureWarning: Attribute `base_estimator_` was deprecated in version 1.2 and will be removed in 1.4. Use `estimator_` instead.
  warnings.warn(msg, category=FutureWarning)
/users/ccsosaa/.local/lib/python3.9/site-packages/sklearn/utils/deprecation.py:101: FutureWarning: Attribute `base_estimator_` was deprecated in version 1.2 and will be removed in 1.4. Use `estimator_` instead.
  warnings.warn(msg, category=FutureWarning)
/users/ccsosaa/.local/lib/python3.9/site-packages/sklearn/utils/deprecation.py:101: FutureWarning: Attribute `base_estimator_` was deprecated in version 1.2 and will be removed in 1.4. Use `estimator_` instead.
  warnings.warn(msg, category=FutureWarning)
/users/ccsosaa/.local/lib/python3.9/site-packages/sklearn/utils/deprecation.py:101: FutureWarning: Attribute `base_estimator_` was deprecated in version 1.2 and will be removed in 1.4. Use `estimator_` instead.
  warnings.warn(msg, category=FutureWarning)
/users/ccsosaa/.local/lib/python3.9/site-packages/sklearn/utils/deprecation.py:101: FutureWarning: Attribute `base_estimator_` was deprecated in version 1.2 and will be removed in 1.4. Use `estimator_` instead.
  warnings.warn(msg, category=FutureWarning)
/users/ccsosaa/.local/lib/python3.9/site-packages/sklearn/utils/deprecation.py:101: FutureWarning: Attribute `base_estimator_` was deprecated in version 1.2 and will be removed in 1.4. Use `estimator_` instead.
  warnings.warn(msg, category=FutureWarning)
/users/ccsosaa/.local/lib/python3.9/site-packages/sklearn/utils/deprecation.py:101: FutureWarning: Attribute `base_estimator_` was deprecated in version 1.2 and will be removed in 1.4. Use `estimator_` instead.
  warnings.warn(msg, category=FutureWarning)
/users/ccsosaa/.local/lib/python3.9/site-packages/sklearn/utils/deprecation.py:101: FutureWarning: Attribute `base_estimator_` was deprecated in version 1.2 and will be removed in 1.4. Use `estimator_` instead.
  warnings.warn(msg, category=FutureWarning)
/users/ccsosaa/.local/lib/python3.9/site-packages/sklearn/utils/deprecation.py:101: FutureWarning: Attribute `base_estimator_` was deprecated in version 1.2 and will be removed in 1.4. Use `estimator_` instead.
  warnings.warn(msg, category=FutureWarning)
/users/ccsosaa/.local/lib/python3.9/site-packages/sklearn/utils/deprecation.py:101: FutureWarning: Attribute `base_estimator_` was deprecated in version 1.2 and will be removed in 1.4. Use `estimator_` instead.
  warnings.warn(msg, category=FutureWarning)
/users/ccsosaa/.local/lib/python3.9/site-packages/sklearn/utils/deprecation.py:101: FutureWarning: Attribute `base_estimator_` was deprecated in version 1.2 and will be removed in 1.4. Use `estimator_` instead.
  warnings.warn(msg, category=FutureWarning)
/users/ccsosaa/.local/lib/python3.9/site-packages/sklearn/utils/deprecation.py:101: FutureWarning: Attribute `base_estimator_` was deprecated in version 1.2 and will be removed in 1.4. Use `estimator_` instead.
  warnings.warn(msg, category=FutureWarning)
/users/ccsosaa/.local/lib/python3.9/site-packages/sklearn/utils/deprecation.py:101: FutureWarning: Attribute `base_estimator_` was deprecated in version 1.2 and will be removed in 1.4. Use `estimator_` instead.
  warnings.warn(msg, category=FutureWarning)
/users/ccsosaa/.local/lib/python3.9/site-packages/sklearn/utils/deprecation.py:101: FutureWarning: Attribute `base_estimator_` was deprecated in version 1.2 and will be removed in 1.4. Use `estimator_` instead.
  warnings.warn(msg, category=FutureWarning)
/users/ccsosaa/.local/lib/python3.9/site-packages/sklearn/utils/deprecation.py:101: FutureWarning: Attribute `base_estimator_` was deprecated in version 1.2 and will be removed in 1.4. Use `estimator_` instead.
  warnings.warn(msg, category=FutureWarning)
/users/ccsosaa/.local/lib/python3.9/site-packages/sklearn/utils/deprecation.py:101: FutureWarning: Attribute `base_estimator_` was deprecated in version 1.2 and will be removed in 1.4. Use `estimator_` instead.
  warnings.warn(msg, category=FutureWarning)
/users/ccsosaa/.local/lib/python3.9/site-packages/sklearn/utils/deprecation.py:101: FutureWarning: Attribute `base_estimator_` was deprecated in version 1.2 and will be removed in 1.4. Use `estimator_` instead.
  warnings.warn(msg, category=FutureWarning)
/users/ccsosaa/.local/lib/python3.9/site-packages/sklearn/utils/deprecation.py:101: FutureWarning: Attribute `base_estimator_` was deprecated in version 1.2 and will be removed in 1.4. Use `estimator_` instead.
  warnings.warn(msg, category=FutureWarning)
/users/ccsosaa/.local/lib/python3.9/site-packages/sklearn/ensemble/_base.py:166: FutureWarning: `base_estimator` was renamed to `estimator` in version 1.2 and will be removed in 1.4.
  warnings.warn(
/users/ccsosaa/.local/lib/python3.9/site-packages/sklearn/utils/deprecation.py:101: FutureWarning: Attribute `base_estimator_` was deprecated in version 1.2 and will be removed in 1.4. Use `estimator_` instead.
  warnings.warn(msg, category=FutureWarning)
/users/ccsosaa/.local/lib/python3.9/site-packages/sklearn/utils/deprecation.py:101: FutureWarning: Attribute `base_estimator_` was deprecated in version 1.2 and will be removed in 1.4. Use `estimator_` instead.
  warnings.warn(msg, category=FutureWarning)
/users/ccsosaa/.local/lib/python3.9/site-packages/sklearn/utils/deprecation.py:101: FutureWarning: Attribute `base_estimator_` was deprecated in version 1.2 and will be removed in 1.4. Use `estimator_` instead.
  warnings.warn(msg, category=FutureWarning)
/users/ccsosaa/.local/lib/python3.9/site-packages/sklearn/utils/deprecation.py:101: FutureWarning: Attribute `base_estimator_` was deprecated in version 1.2 and will be removed in 1.4. Use `estimator_` instead.
  warnings.warn(msg, category=FutureWarning)
/users/ccsosaa/.local/lib/python3.9/site-packages/sklearn/utils/deprecation.py:101: FutureWarning: Attribute `base_estimator_` was deprecated in version 1.2 and will be removed in 1.4. Use `estimator_` instead.
  warnings.warn(msg, category=FutureWarning)
/users/ccsosaa/.local/lib/python3.9/site-packages/sklearn/utils/deprecation.py:101: FutureWarning: Attribute `base_estimator_` was deprecated in version 1.2 and will be removed in 1.4. Use `estimator_` instead.
  warnings.warn(msg, category=FutureWarning)
/users/ccsosaa/.local/lib/python3.9/site-packages/sklearn/utils/deprecation.py:101: FutureWarning: Attribute `base_estimator_` was deprecated in version 1.2 and will be removed in 1.4. Use `estimator_` instead.
  warnings.warn(msg, category=FutureWarning)
/users/ccsosaa/.local/lib/python3.9/site-packages/sklearn/utils/deprecation.py:101: FutureWarning: Attribute `base_estimator_` was deprecated in version 1.2 and will be removed in 1.4. Use `estimator_` instead.
  warnings.warn(msg, category=FutureWarning)
/users/ccsosaa/.local/lib/python3.9/site-packages/sklearn/utils/deprecation.py:101: FutureWarning: Attribute `base_estimator_` was deprecated in version 1.2 and will be removed in 1.4. Use `estimator_` instead.
  warnings.warn(msg, category=FutureWarning)
/users/ccsosaa/.local/lib/python3.9/site-packages/sklearn/utils/deprecation.py:101: FutureWarning: Attribute `base_estimator_` was deprecated in version 1.2 and will be removed in 1.4. Use `estimator_` instead.
  warnings.warn(msg, category=FutureWarning)
/users/ccsosaa/.local/lib/python3.9/site-packages/sklearn/utils/deprecation.py:101: FutureWarning: Attribute `base_estimator_` was deprecated in version 1.2 and will be removed in 1.4. Use `estimator_` instead.
  warnings.warn(msg, category=FutureWarning)
/users/ccsosaa/.local/lib/python3.9/site-packages/sklearn/utils/deprecation.py:101: FutureWarning: Attribute `base_estimator_` was deprecated in version 1.2 and will be removed in 1.4. Use `estimator_` instead.
  warnings.warn(msg, category=FutureWarning)
/users/ccsosaa/.local/lib/python3.9/site-packages/sklearn/utils/deprecation.py:101: FutureWarning: Attribute `base_estimator_` was deprecated in version 1.2 and will be removed in 1.4. Use `estimator_` instead.
  warnings.warn(msg, category=FutureWarning)
/users/ccsosaa/.local/lib/python3.9/site-packages/sklearn/utils/deprecation.py:101: FutureWarning: Attribute `base_estimator_` was deprecated in version 1.2 and will be removed in 1.4. Use `estimator_` instead.
  warnings.warn(msg, category=FutureWarning)
/users/ccsosaa/.local/lib/python3.9/site-packages/sklearn/utils/deprecation.py:101: FutureWarning: Attribute `base_estimator_` was deprecated in version 1.2 and will be removed in 1.4. Use `estimator_` instead.
  warnings.warn(msg, category=FutureWarning)
/users/ccsosaa/.local/lib/python3.9/site-packages/sklearn/utils/deprecation.py:101: FutureWarning: Attribute `base_estimator_` was deprecated in version 1.2 and will be removed in 1.4. Use `estimator_` instead.
  warnings.warn(msg, category=FutureWarning)
/users/ccsosaa/.local/lib/python3.9/site-packages/sklearn/utils/deprecation.py:101: FutureWarning: Attribute `base_estimator_` was deprecated in version 1.2 and will be removed in 1.4. Use `estimator_` instead.
  warnings.warn(msg, category=FutureWarning)
/users/ccsosaa/.local/lib/python3.9/site-packages/sklearn/utils/deprecation.py:101: FutureWarning: Attribute `base_estimator_` was deprecated in version 1.2 and will be removed in 1.4. Use `estimator_` instead.
  warnings.warn(msg, category=FutureWarning)
/users/ccsosaa/.local/lib/python3.9/site-packages/sklearn/utils/deprecation.py:101: FutureWarning: Attribute `base_estimator_` was deprecated in version 1.2 and will be removed in 1.4. Use `estimator_` instead.
  warnings.warn(msg, category=FutureWarning)
/users/ccsosaa/.local/lib/python3.9/site-packages/sklearn/utils/deprecation.py:101: FutureWarning: Attribute `base_estimator_` was deprecated in version 1.2 and will be removed in 1.4. Use `estimator_` instead.
  warnings.warn(msg, category=FutureWarning)
/users/ccsosaa/.local/lib/python3.9/site-packages/sklearn/utils/deprecation.py:101: FutureWarning: Attribute `base_estimator_` was deprecated in version 1.2 and will be removed in 1.4. Use `estimator_` instead.
  warnings.warn(msg, category=FutureWarning)
/users/ccsosaa/.local/lib/python3.9/site-packages/sklearn/utils/deprecation.py:101: FutureWarning: Attribute `base_estimator_` was deprecated in version 1.2 and will be removed in 1.4. Use `estimator_` instead.
  warnings.warn(msg, category=FutureWarning)
/users/ccsosaa/.local/lib/python3.9/site-packages/sklearn/utils/deprecation.py:101: FutureWarning: Attribute `base_estimator_` was deprecated in version 1.2 and will be removed in 1.4. Use `estimator_` instead.
  warnings.warn(msg, category=FutureWarning)
/users/ccsosaa/.local/lib/python3.9/site-packages/sklearn/utils/deprecation.py:101: FutureWarning: Attribute `base_estimator_` was deprecated in version 1.2 and will be removed in 1.4. Use `estimator_` instead.
  warnings.warn(msg, category=FutureWarning)
/users/ccsosaa/.local/lib/python3.9/site-packages/sklearn/utils/deprecation.py:101: FutureWarning: Attribute `base_estimator_` was deprecated in version 1.2 and will be removed in 1.4. Use `estimator_` instead.
  warnings.warn(msg, category=FutureWarning)
/users/ccsosaa/.local/lib/python3.9/site-packages/sklearn/utils/deprecation.py:101: FutureWarning: Attribute `base_estimator_` was deprecated in version 1.2 and will be removed in 1.4. Use `estimator_` instead.
  warnings.warn(msg, category=FutureWarning)
/users/ccsosaa/.local/lib/python3.9/site-packages/sklearn/utils/deprecation.py:101: FutureWarning: Attribute `base_estimator_` was deprecated in version 1.2 and will be removed in 1.4. Use `estimator_` instead.
  warnings.warn(msg, category=FutureWarning)
/users/ccsosaa/.local/lib/python3.9/site-packages/sklearn/utils/deprecation.py:101: FutureWarning: Attribute `base_estimator_` was deprecated in version 1.2 and will be removed in 1.4. Use `estimator_` instead.
  warnings.warn(msg, category=FutureWarning)
/users/ccsosaa/.local/lib/python3.9/site-packages/sklearn/utils/deprecation.py:101: FutureWarning: Attribute `base_estimator_` was deprecated in version 1.2 and will be removed in 1.4. Use `estimator_` instead.
  warnings.warn(msg, category=FutureWarning)
/users/ccsosaa/.local/lib/python3.9/site-packages/sklearn/utils/deprecation.py:101: FutureWarning: Attribute `base_estimator_` was deprecated in version 1.2 and will be removed in 1.4. Use `estimator_` instead.
  warnings.warn(msg, category=FutureWarning)
/users/ccsosaa/.local/lib/python3.9/site-packages/sklearn/utils/deprecation.py:101: FutureWarning: Attribute `base_estimator_` was deprecated in version 1.2 and will be removed in 1.4. Use `estimator_` instead.
  warnings.warn(msg, category=FutureWarning)
/users/ccsosaa/.local/lib/python3.9/site-packages/sklearn/utils/deprecation.py:101: FutureWarning: Attribute `base_estimator_` was deprecated in version 1.2 and will be removed in 1.4. Use `estimator_` instead.
  warnings.warn(msg, category=FutureWarning)
/users/ccsosaa/.local/lib/python3.9/site-packages/sklearn/utils/deprecation.py:101: FutureWarning: Attribute `base_estimator_` was deprecated in version 1.2 and will be removed in 1.4. Use `estimator_` instead.
  warnings.warn(msg, category=FutureWarning)
/users/ccsosaa/.local/lib/python3.9/site-packages/sklearn/utils/deprecation.py:101: FutureWarning: Attribute `base_estimator_` was deprecated in version 1.2 and will be removed in 1.4. Use `estimator_` instead.
  warnings.warn(msg, category=FutureWarning)
/users/ccsosaa/.local/lib/python3.9/site-packages/sklearn/utils/deprecation.py:101: FutureWarning: Attribute `base_estimator_` was deprecated in version 1.2 and will be removed in 1.4. Use `estimator_` instead.
  warnings.warn(msg, category=FutureWarning)
/users/ccsosaa/.local/lib/python3.9/site-packages/sklearn/utils/deprecation.py:101: FutureWarning: Attribute `base_estimator_` was deprecated in version 1.2 and will be removed in 1.4. Use `estimator_` instead.
  warnings.warn(msg, category=FutureWarning)
/users/ccsosaa/.local/lib/python3.9/site-packages/sklearn/utils/deprecation.py:101: FutureWarning: Attribute `base_estimator_` was deprecated in version 1.2 and will be removed in 1.4. Use `estimator_` instead.
  warnings.warn(msg, category=FutureWarning)
/users/ccsosaa/.local/lib/python3.9/site-packages/sklearn/utils/deprecation.py:101: FutureWarning: Attribute `base_estimator_` was deprecated in version 1.2 and will be removed in 1.4. Use `estimator_` instead.
  warnings.warn(msg, category=FutureWarning)
/users/ccsosaa/.local/lib/python3.9/site-packages/sklearn/utils/deprecation.py:101: FutureWarning: Attribute `base_estimator_` was deprecated in version 1.2 and will be removed in 1.4. Use `estimator_` instead.
  warnings.warn(msg, category=FutureWarning)
/users/ccsosaa/.local/lib/python3.9/site-packages/sklearn/utils/deprecation.py:101: FutureWarning: Attribute `base_estimator_` was deprecated in version 1.2 and will be removed in 1.4. Use `estimator_` instead.
  warnings.warn(msg, category=FutureWarning)
0.5023333333333333
              precision    recall  f1-score   support

           0       1.00      0.00      0.01     16500
           1       0.04      1.00      0.08       728

    accuracy                           0.05     17228
   macro avg       0.52      0.50      0.05     17228
weighted avg       0.96      0.05      0.01     17228

AUC AUCcr ACCURACY BALANCED ACCURACY F MCC ALPHA
[[0.5023333333333333, -105.64285714285622, 1.0, 1.0, 1.0, 1.997614695091181e-05, 0.9953333333333333]]
LDA
0.5829648684648685
              precision    recall  f1-score   support

           0       0.97      0.55      0.70     16500
           1       0.06      0.62      0.10       728

    accuracy                           0.55     17228
   macro avg       0.51      0.58      0.40     17228
weighted avg       0.93      0.55      0.67     17228

AUC AUCcr ACCURACY BALANCED ACCURACY F MCC ALPHA
[[0.5829648684648685, 0.23679240568659393, 0.6533409706151754, 0.6518323347016781, 0.6301330427793548, 0.08871486365801748, 0.4535757575757576]]
RANDOM FOREST
/users/ccsosaa/pecanpy/PULEARN_ALUMINUM.py:345: FutureWarning: The frame.append method is deprecated and will be removed from pandas in a future version. Use pandas.concat instead.
  fixed_met_df = fixed_met_df.append(fixed_RF_m, ignore_index=False)
/users/ccsosaa/pecanpy/PULEARN_ALUMINUM.py:346: FutureWarning: The frame.append method is deprecated and will be removed from pandas in a future version. Use pandas.concat instead.
  fixed_met_df = fixed_met_df.append(fixed_LDA_m, ignore_index=True)
/users/ccsosaa/pecanpy/PULEARN_ALUMINUM.py:360: SettingWithCopyWarning: 
A value is trying to be set on a copy of a slice from a DataFrame

See the caveats in the documentation: https://pandas.pydata.org/pandas-docs/stable/user_guide/indexing.html#returning-a-view-versus-a-copy
  results["pred_svm"][i] = 0
/users/ccsosaa/pecanpy/PULEARN_ALUMINUM.py:366: SettingWithCopyWarning: 
A value is trying to be set on a copy of a slice from a DataFrame

See the caveats in the documentation: https://pandas.pydata.org/pandas-docs/stable/user_guide/indexing.html#returning-a-view-versus-a-copy
  results["pred_lda"][i] = 0
/users/ccsosaa/pecanpy/PULEARN_ALUMINUM.py:364: SettingWithCopyWarning: 
A value is trying to be set on a copy of a slice from a DataFrame

See the caveats in the documentation: https://pandas.pydata.org/pandas-docs/stable/user_guide/indexing.html#returning-a-view-versus-a-copy
  results["pred_lda"][i] = 1
/users/ccsosaa/pecanpy/PULEARN_ALUMINUM.py:372: SettingWithCopyWarning: 
A value is trying to be set on a copy of a slice from a DataFrame

See the caveats in the documentation: https://pandas.pydata.org/pandas-docs/stable/user_guide/indexing.html#returning-a-view-versus-a-copy
  results["pred_rf"][i] = 0
/users/ccsosaa/pecanpy/PULEARN_ALUMINUM.py:370: SettingWithCopyWarning: 
A value is trying to be set on a copy of a slice from a DataFrame

See the caveats in the documentation: https://pandas.pydata.org/pandas-docs/stable/user_guide/indexing.html#returning-a-view-versus-a-copy
  results["pred_rf"][i] = 1
0.7884848484848485
              precision    recall  f1-score   support

           0       1.00      0.58      0.73     16500
           1       0.09      1.00      0.17       728

    accuracy                           0.59     17228
   macro avg       0.55      0.79      0.45     17228
weighted avg       0.96      0.59      0.71     17228

AUC AUCcr ACCURACY BALANCED ACCURACY F MCC ALPHA
[[0.7884848484848485, 0.6334033613445377, 1.0, 1.0, 0.9999999999999999, 0.3053543917388926, 0.42303030303030303]]
