/users/ccsosaa/.local/lib/python3.9/site-packages/sklearn/ensemble/_base.py:166: FutureWarning: `base_estimator` was renamed to `estimator` in version 1.2 and will be removed in 1.4.
  warnings.warn(
SVM
/users/ccsosaa/.local/lib/python3.9/site-packages/sklearn/utils/deprecation.py:101: FutureWarning: Attribute `base_estimator_` was deprecated in version 1.2 and will be removed in 1.4. Use `estimator_` instead.
  warnings.warn(msg, category=FutureWarning)
/users/ccsosaa/.local/lib/python3.9/site-packages/sklearn/utils/deprecation.py:101: FutureWarning: Attribute `base_estimator_` was deprecated in version 1.2 and will be removed in 1.4. Use `estimator_` instead.
  warnings.warn(msg, category=FutureWarning)
/users/ccsosaa/.local/lib/python3.9/site-packages/sklearn/utils/deprecation.py:101: FutureWarning: Attribute `base_estimator_` was deprecated in version 1.2 and will be removed in 1.4. Use `estimator_` instead.
  warnings.warn(msg, category=FutureWarning)
/users/ccsosaa/.local/lib/python3.9/site-packages/sklearn/utils/deprecation.py:101: FutureWarning: Attribute `base_estimator_` was deprecated in version 1.2 and will be removed in 1.4. Use `estimator_` instead.
  warnings.warn(msg, category=FutureWarning)
/users/ccsosaa/.local/lib/python3.9/site-packages/sklearn/utils/deprecation.py:101: FutureWarning: Attribute `base_estimator_` was deprecated in version 1.2 and will be removed in 1.4. Use `estimator_` instead.
  warnings.warn(msg, category=FutureWarning)
/users/ccsosaa/.local/lib/python3.9/site-packages/sklearn/utils/deprecation.py:101: FutureWarning: Attribute `base_estimator_` was deprecated in version 1.2 and will be removed in 1.4. Use `estimator_` instead.
  warnings.warn(msg, category=FutureWarning)
/users/ccsosaa/.local/lib/python3.9/site-packages/sklearn/utils/deprecation.py:101: FutureWarning: Attribute `base_estimator_` was deprecated in version 1.2 and will be removed in 1.4. Use `estimator_` instead.
  warnings.warn(msg, category=FutureWarning)
/users/ccsosaa/.local/lib/python3.9/site-packages/sklearn/utils/deprecation.py:101: FutureWarning: Attribute `base_estimator_` was deprecated in version 1.2 and will be removed in 1.4. Use `estimator_` instead.
  warnings.warn(msg, category=FutureWarning)
/users/ccsosaa/.local/lib/python3.9/site-packages/sklearn/utils/deprecation.py:101: FutureWarning: Attribute `base_estimator_` was deprecated in version 1.2 and will be removed in 1.4. Use `estimator_` instead.
  warnings.warn(msg, category=FutureWarning)
/users/ccsosaa/.local/lib/python3.9/site-packages/sklearn/utils/deprecation.py:101: FutureWarning: Attribute `base_estimator_` was deprecated in version 1.2 and will be removed in 1.4. Use `estimator_` instead.
  warnings.warn(msg, category=FutureWarning)
/users/ccsosaa/.local/lib/python3.9/site-packages/sklearn/utils/deprecation.py:101: FutureWarning: Attribute `base_estimator_` was deprecated in version 1.2 and will be removed in 1.4. Use `estimator_` instead.
  warnings.warn(msg, category=FutureWarning)
/users/ccsosaa/.local/lib/python3.9/site-packages/sklearn/utils/deprecation.py:101: FutureWarning: Attribute `base_estimator_` was deprecated in version 1.2 and will be removed in 1.4. Use `estimator_` instead.
  warnings.warn(msg, category=FutureWarning)
/users/ccsosaa/.local/lib/python3.9/site-packages/sklearn/utils/deprecation.py:101: FutureWarning: Attribute `base_estimator_` was deprecated in version 1.2 and will be removed in 1.4. Use `estimator_` instead.
  warnings.warn(msg, category=FutureWarning)
/users/ccsosaa/.local/lib/python3.9/site-packages/sklearn/utils/deprecation.py:101: FutureWarning: Attribute `base_estimator_` was deprecated in version 1.2 and will be removed in 1.4. Use `estimator_` instead.
  warnings.warn(msg, category=FutureWarning)
/users/ccsosaa/.local/lib/python3.9/site-packages/sklearn/utils/deprecation.py:101: FutureWarning: Attribute `base_estimator_` was deprecated in version 1.2 and will be removed in 1.4. Use `estimator_` instead.
  warnings.warn(msg, category=FutureWarning)
/users/ccsosaa/.local/lib/python3.9/site-packages/sklearn/utils/deprecation.py:101: FutureWarning: Attribute `base_estimator_` was deprecated in version 1.2 and will be removed in 1.4. Use `estimator_` instead.
  warnings.warn(msg, category=FutureWarning)
/users/ccsosaa/.local/lib/python3.9/site-packages/sklearn/utils/deprecation.py:101: FutureWarning: Attribute `base_estimator_` was deprecated in version 1.2 and will be removed in 1.4. Use `estimator_` instead.
  warnings.warn(msg, category=FutureWarning)
/users/ccsosaa/.local/lib/python3.9/site-packages/sklearn/utils/deprecation.py:101: FutureWarning: Attribute `base_estimator_` was deprecated in version 1.2 and will be removed in 1.4. Use `estimator_` instead.
  warnings.warn(msg, category=FutureWarning)
/users/ccsosaa/.local/lib/python3.9/site-packages/sklearn/utils/deprecation.py:101: FutureWarning: Attribute `base_estimator_` was deprecated in version 1.2 and will be removed in 1.4. Use `estimator_` instead.
  warnings.warn(msg, category=FutureWarning)
/users/ccsosaa/.local/lib/python3.9/site-packages/sklearn/utils/deprecation.py:101: FutureWarning: Attribute `base_estimator_` was deprecated in version 1.2 and will be removed in 1.4. Use `estimator_` instead.
  warnings.warn(msg, category=FutureWarning)
/users/ccsosaa/.local/lib/python3.9/site-packages/sklearn/utils/deprecation.py:101: FutureWarning: Attribute `base_estimator_` was deprecated in version 1.2 and will be removed in 1.4. Use `estimator_` instead.
  warnings.warn(msg, category=FutureWarning)
/users/ccsosaa/.local/lib/python3.9/site-packages/sklearn/utils/deprecation.py:101: FutureWarning: Attribute `base_estimator_` was deprecated in version 1.2 and will be removed in 1.4. Use `estimator_` instead.
  warnings.warn(msg, category=FutureWarning)
/users/ccsosaa/.local/lib/python3.9/site-packages/sklearn/utils/deprecation.py:101: FutureWarning: Attribute `base_estimator_` was deprecated in version 1.2 and will be removed in 1.4. Use `estimator_` instead.
  warnings.warn(msg, category=FutureWarning)
/users/ccsosaa/.local/lib/python3.9/site-packages/sklearn/utils/deprecation.py:101: FutureWarning: Attribute `base_estimator_` was deprecated in version 1.2 and will be removed in 1.4. Use `estimator_` instead.
  warnings.warn(msg, category=FutureWarning)
/users/ccsosaa/.local/lib/python3.9/site-packages/sklearn/utils/deprecation.py:101: FutureWarning: Attribute `base_estimator_` was deprecated in version 1.2 and will be removed in 1.4. Use `estimator_` instead.
  warnings.warn(msg, category=FutureWarning)
/users/ccsosaa/.local/lib/python3.9/site-packages/sklearn/utils/deprecation.py:101: FutureWarning: Attribute `base_estimator_` was deprecated in version 1.2 and will be removed in 1.4. Use `estimator_` instead.
  warnings.warn(msg, category=FutureWarning)
/users/ccsosaa/.local/lib/python3.9/site-packages/sklearn/utils/deprecation.py:101: FutureWarning: Attribute `base_estimator_` was deprecated in version 1.2 and will be removed in 1.4. Use `estimator_` instead.
  warnings.warn(msg, category=FutureWarning)
/users/ccsosaa/.local/lib/python3.9/site-packages/sklearn/utils/deprecation.py:101: FutureWarning: Attribute `base_estimator_` was deprecated in version 1.2 and will be removed in 1.4. Use `estimator_` instead.
  warnings.warn(msg, category=FutureWarning)
/users/ccsosaa/.local/lib/python3.9/site-packages/sklearn/utils/deprecation.py:101: FutureWarning: Attribute `base_estimator_` was deprecated in version 1.2 and will be removed in 1.4. Use `estimator_` instead.
  warnings.warn(msg, category=FutureWarning)
/users/ccsosaa/.local/lib/python3.9/site-packages/sklearn/utils/deprecation.py:101: FutureWarning: Attribute `base_estimator_` was deprecated in version 1.2 and will be removed in 1.4. Use `estimator_` instead.
  warnings.warn(msg, category=FutureWarning)
/users/ccsosaa/.local/lib/python3.9/site-packages/sklearn/utils/deprecation.py:101: FutureWarning: Attribute `base_estimator_` was deprecated in version 1.2 and will be removed in 1.4. Use `estimator_` instead.
  warnings.warn(msg, category=FutureWarning)
/users/ccsosaa/.local/lib/python3.9/site-packages/sklearn/utils/deprecation.py:101: FutureWarning: Attribute `base_estimator_` was deprecated in version 1.2 and will be removed in 1.4. Use `estimator_` instead.
  warnings.warn(msg, category=FutureWarning)
/users/ccsosaa/.local/lib/python3.9/site-packages/sklearn/utils/deprecation.py:101: FutureWarning: Attribute `base_estimator_` was deprecated in version 1.2 and will be removed in 1.4. Use `estimator_` instead.
  warnings.warn(msg, category=FutureWarning)
/users/ccsosaa/.local/lib/python3.9/site-packages/sklearn/utils/deprecation.py:101: FutureWarning: Attribute `base_estimator_` was deprecated in version 1.2 and will be removed in 1.4. Use `estimator_` instead.
  warnings.warn(msg, category=FutureWarning)
/users/ccsosaa/.local/lib/python3.9/site-packages/sklearn/utils/deprecation.py:101: FutureWarning: Attribute `base_estimator_` was deprecated in version 1.2 and will be removed in 1.4. Use `estimator_` instead.
  warnings.warn(msg, category=FutureWarning)
/users/ccsosaa/.local/lib/python3.9/site-packages/sklearn/utils/deprecation.py:101: FutureWarning: Attribute `base_estimator_` was deprecated in version 1.2 and will be removed in 1.4. Use `estimator_` instead.
  warnings.warn(msg, category=FutureWarning)
/users/ccsosaa/.local/lib/python3.9/site-packages/sklearn/utils/deprecation.py:101: FutureWarning: Attribute `base_estimator_` was deprecated in version 1.2 and will be removed in 1.4. Use `estimator_` instead.
  warnings.warn(msg, category=FutureWarning)
/users/ccsosaa/.local/lib/python3.9/site-packages/sklearn/utils/deprecation.py:101: FutureWarning: Attribute `base_estimator_` was deprecated in version 1.2 and will be removed in 1.4. Use `estimator_` instead.
  warnings.warn(msg, category=FutureWarning)
/users/ccsosaa/.local/lib/python3.9/site-packages/sklearn/utils/deprecation.py:101: FutureWarning: Attribute `base_estimator_` was deprecated in version 1.2 and will be removed in 1.4. Use `estimator_` instead.
  warnings.warn(msg, category=FutureWarning)
/users/ccsosaa/.local/lib/python3.9/site-packages/sklearn/utils/deprecation.py:101: FutureWarning: Attribute `base_estimator_` was deprecated in version 1.2 and will be removed in 1.4. Use `estimator_` instead.
  warnings.warn(msg, category=FutureWarning)
/users/ccsosaa/.local/lib/python3.9/site-packages/sklearn/ensemble/_base.py:166: FutureWarning: `base_estimator` was renamed to `estimator` in version 1.2 and will be removed in 1.4.
  warnings.warn(
/users/ccsosaa/.local/lib/python3.9/site-packages/sklearn/utils/deprecation.py:101: FutureWarning: Attribute `base_estimator_` was deprecated in version 1.2 and will be removed in 1.4. Use `estimator_` instead.
  warnings.warn(msg, category=FutureWarning)
/users/ccsosaa/.local/lib/python3.9/site-packages/sklearn/utils/deprecation.py:101: FutureWarning: Attribute `base_estimator_` was deprecated in version 1.2 and will be removed in 1.4. Use `estimator_` instead.
  warnings.warn(msg, category=FutureWarning)
/users/ccsosaa/.local/lib/python3.9/site-packages/sklearn/utils/deprecation.py:101: FutureWarning: Attribute `base_estimator_` was deprecated in version 1.2 and will be removed in 1.4. Use `estimator_` instead.
  warnings.warn(msg, category=FutureWarning)
/users/ccsosaa/.local/lib/python3.9/site-packages/sklearn/utils/deprecation.py:101: FutureWarning: Attribute `base_estimator_` was deprecated in version 1.2 and will be removed in 1.4. Use `estimator_` instead.
  warnings.warn(msg, category=FutureWarning)
/users/ccsosaa/.local/lib/python3.9/site-packages/sklearn/utils/deprecation.py:101: FutureWarning: Attribute `base_estimator_` was deprecated in version 1.2 and will be removed in 1.4. Use `estimator_` instead.
  warnings.warn(msg, category=FutureWarning)
/users/ccsosaa/.local/lib/python3.9/site-packages/sklearn/utils/deprecation.py:101: FutureWarning: Attribute `base_estimator_` was deprecated in version 1.2 and will be removed in 1.4. Use `estimator_` instead.
  warnings.warn(msg, category=FutureWarning)
/users/ccsosaa/.local/lib/python3.9/site-packages/sklearn/utils/deprecation.py:101: FutureWarning: Attribute `base_estimator_` was deprecated in version 1.2 and will be removed in 1.4. Use `estimator_` instead.
  warnings.warn(msg, category=FutureWarning)
/users/ccsosaa/.local/lib/python3.9/site-packages/sklearn/utils/deprecation.py:101: FutureWarning: Attribute `base_estimator_` was deprecated in version 1.2 and will be removed in 1.4. Use `estimator_` instead.
  warnings.warn(msg, category=FutureWarning)
/users/ccsosaa/.local/lib/python3.9/site-packages/sklearn/utils/deprecation.py:101: FutureWarning: Attribute `base_estimator_` was deprecated in version 1.2 and will be removed in 1.4. Use `estimator_` instead.
  warnings.warn(msg, category=FutureWarning)
/users/ccsosaa/.local/lib/python3.9/site-packages/sklearn/utils/deprecation.py:101: FutureWarning: Attribute `base_estimator_` was deprecated in version 1.2 and will be removed in 1.4. Use `estimator_` instead.
  warnings.warn(msg, category=FutureWarning)
/users/ccsosaa/.local/lib/python3.9/site-packages/sklearn/utils/deprecation.py:101: FutureWarning: Attribute `base_estimator_` was deprecated in version 1.2 and will be removed in 1.4. Use `estimator_` instead.
  warnings.warn(msg, category=FutureWarning)
/users/ccsosaa/.local/lib/python3.9/site-packages/sklearn/utils/deprecation.py:101: FutureWarning: Attribute `base_estimator_` was deprecated in version 1.2 and will be removed in 1.4. Use `estimator_` instead.
  warnings.warn(msg, category=FutureWarning)
/users/ccsosaa/.local/lib/python3.9/site-packages/sklearn/utils/deprecation.py:101: FutureWarning: Attribute `base_estimator_` was deprecated in version 1.2 and will be removed in 1.4. Use `estimator_` instead.
  warnings.warn(msg, category=FutureWarning)
/users/ccsosaa/.local/lib/python3.9/site-packages/sklearn/utils/deprecation.py:101: FutureWarning: Attribute `base_estimator_` was deprecated in version 1.2 and will be removed in 1.4. Use `estimator_` instead.
  warnings.warn(msg, category=FutureWarning)
/users/ccsosaa/.local/lib/python3.9/site-packages/sklearn/utils/deprecation.py:101: FutureWarning: Attribute `base_estimator_` was deprecated in version 1.2 and will be removed in 1.4. Use `estimator_` instead.
  warnings.warn(msg, category=FutureWarning)
/users/ccsosaa/.local/lib/python3.9/site-packages/sklearn/utils/deprecation.py:101: FutureWarning: Attribute `base_estimator_` was deprecated in version 1.2 and will be removed in 1.4. Use `estimator_` instead.
  warnings.warn(msg, category=FutureWarning)
/users/ccsosaa/.local/lib/python3.9/site-packages/sklearn/utils/deprecation.py:101: FutureWarning: Attribute `base_estimator_` was deprecated in version 1.2 and will be removed in 1.4. Use `estimator_` instead.
  warnings.warn(msg, category=FutureWarning)
/users/ccsosaa/.local/lib/python3.9/site-packages/sklearn/utils/deprecation.py:101: FutureWarning: Attribute `base_estimator_` was deprecated in version 1.2 and will be removed in 1.4. Use `estimator_` instead.
  warnings.warn(msg, category=FutureWarning)
/users/ccsosaa/.local/lib/python3.9/site-packages/sklearn/utils/deprecation.py:101: FutureWarning: Attribute `base_estimator_` was deprecated in version 1.2 and will be removed in 1.4. Use `estimator_` instead.
  warnings.warn(msg, category=FutureWarning)
/users/ccsosaa/.local/lib/python3.9/site-packages/sklearn/utils/deprecation.py:101: FutureWarning: Attribute `base_estimator_` was deprecated in version 1.2 and will be removed in 1.4. Use `estimator_` instead.
  warnings.warn(msg, category=FutureWarning)
/users/ccsosaa/.local/lib/python3.9/site-packages/sklearn/utils/deprecation.py:101: FutureWarning: Attribute `base_estimator_` was deprecated in version 1.2 and will be removed in 1.4. Use `estimator_` instead.
  warnings.warn(msg, category=FutureWarning)
/users/ccsosaa/.local/lib/python3.9/site-packages/sklearn/utils/deprecation.py:101: FutureWarning: Attribute `base_estimator_` was deprecated in version 1.2 and will be removed in 1.4. Use `estimator_` instead.
  warnings.warn(msg, category=FutureWarning)
/users/ccsosaa/.local/lib/python3.9/site-packages/sklearn/utils/deprecation.py:101: FutureWarning: Attribute `base_estimator_` was deprecated in version 1.2 and will be removed in 1.4. Use `estimator_` instead.
  warnings.warn(msg, category=FutureWarning)
/users/ccsosaa/.local/lib/python3.9/site-packages/sklearn/utils/deprecation.py:101: FutureWarning: Attribute `base_estimator_` was deprecated in version 1.2 and will be removed in 1.4. Use `estimator_` instead.
  warnings.warn(msg, category=FutureWarning)
/users/ccsosaa/.local/lib/python3.9/site-packages/sklearn/utils/deprecation.py:101: FutureWarning: Attribute `base_estimator_` was deprecated in version 1.2 and will be removed in 1.4. Use `estimator_` instead.
  warnings.warn(msg, category=FutureWarning)
/users/ccsosaa/.local/lib/python3.9/site-packages/sklearn/utils/deprecation.py:101: FutureWarning: Attribute `base_estimator_` was deprecated in version 1.2 and will be removed in 1.4. Use `estimator_` instead.
  warnings.warn(msg, category=FutureWarning)
/users/ccsosaa/.local/lib/python3.9/site-packages/sklearn/utils/deprecation.py:101: FutureWarning: Attribute `base_estimator_` was deprecated in version 1.2 and will be removed in 1.4. Use `estimator_` instead.
  warnings.warn(msg, category=FutureWarning)
/users/ccsosaa/.local/lib/python3.9/site-packages/sklearn/utils/deprecation.py:101: FutureWarning: Attribute `base_estimator_` was deprecated in version 1.2 and will be removed in 1.4. Use `estimator_` instead.
  warnings.warn(msg, category=FutureWarning)
/users/ccsosaa/.local/lib/python3.9/site-packages/sklearn/utils/deprecation.py:101: FutureWarning: Attribute `base_estimator_` was deprecated in version 1.2 and will be removed in 1.4. Use `estimator_` instead.
  warnings.warn(msg, category=FutureWarning)
/users/ccsosaa/.local/lib/python3.9/site-packages/sklearn/utils/deprecation.py:101: FutureWarning: Attribute `base_estimator_` was deprecated in version 1.2 and will be removed in 1.4. Use `estimator_` instead.
  warnings.warn(msg, category=FutureWarning)
/users/ccsosaa/.local/lib/python3.9/site-packages/sklearn/utils/deprecation.py:101: FutureWarning: Attribute `base_estimator_` was deprecated in version 1.2 and will be removed in 1.4. Use `estimator_` instead.
  warnings.warn(msg, category=FutureWarning)
/users/ccsosaa/.local/lib/python3.9/site-packages/sklearn/utils/deprecation.py:101: FutureWarning: Attribute `base_estimator_` was deprecated in version 1.2 and will be removed in 1.4. Use `estimator_` instead.
  warnings.warn(msg, category=FutureWarning)
/users/ccsosaa/.local/lib/python3.9/site-packages/sklearn/utils/deprecation.py:101: FutureWarning: Attribute `base_estimator_` was deprecated in version 1.2 and will be removed in 1.4. Use `estimator_` instead.
  warnings.warn(msg, category=FutureWarning)
/users/ccsosaa/.local/lib/python3.9/site-packages/sklearn/utils/deprecation.py:101: FutureWarning: Attribute `base_estimator_` was deprecated in version 1.2 and will be removed in 1.4. Use `estimator_` instead.
  warnings.warn(msg, category=FutureWarning)
/users/ccsosaa/.local/lib/python3.9/site-packages/sklearn/utils/deprecation.py:101: FutureWarning: Attribute `base_estimator_` was deprecated in version 1.2 and will be removed in 1.4. Use `estimator_` instead.
  warnings.warn(msg, category=FutureWarning)
/users/ccsosaa/.local/lib/python3.9/site-packages/sklearn/utils/deprecation.py:101: FutureWarning: Attribute `base_estimator_` was deprecated in version 1.2 and will be removed in 1.4. Use `estimator_` instead.
  warnings.warn(msg, category=FutureWarning)
/users/ccsosaa/.local/lib/python3.9/site-packages/sklearn/utils/deprecation.py:101: FutureWarning: Attribute `base_estimator_` was deprecated in version 1.2 and will be removed in 1.4. Use `estimator_` instead.
  warnings.warn(msg, category=FutureWarning)
/users/ccsosaa/.local/lib/python3.9/site-packages/sklearn/utils/deprecation.py:101: FutureWarning: Attribute `base_estimator_` was deprecated in version 1.2 and will be removed in 1.4. Use `estimator_` instead.
  warnings.warn(msg, category=FutureWarning)
/users/ccsosaa/.local/lib/python3.9/site-packages/sklearn/utils/deprecation.py:101: FutureWarning: Attribute `base_estimator_` was deprecated in version 1.2 and will be removed in 1.4. Use `estimator_` instead.
  warnings.warn(msg, category=FutureWarning)
/users/ccsosaa/.local/lib/python3.9/site-packages/sklearn/utils/deprecation.py:101: FutureWarning: Attribute `base_estimator_` was deprecated in version 1.2 and will be removed in 1.4. Use `estimator_` instead.
  warnings.warn(msg, category=FutureWarning)
/users/ccsosaa/.local/lib/python3.9/site-packages/sklearn/ensemble/_base.py:166: FutureWarning: `base_estimator` was renamed to `estimator` in version 1.2 and will be removed in 1.4.
  warnings.warn(
/users/ccsosaa/.local/lib/python3.9/site-packages/sklearn/utils/deprecation.py:101: FutureWarning: Attribute `base_estimator_` was deprecated in version 1.2 and will be removed in 1.4. Use `estimator_` instead.
  warnings.warn(msg, category=FutureWarning)
/users/ccsosaa/.local/lib/python3.9/site-packages/sklearn/utils/deprecation.py:101: FutureWarning: Attribute `base_estimator_` was deprecated in version 1.2 and will be removed in 1.4. Use `estimator_` instead.
  warnings.warn(msg, category=FutureWarning)
/users/ccsosaa/.local/lib/python3.9/site-packages/sklearn/utils/deprecation.py:101: FutureWarning: Attribute `base_estimator_` was deprecated in version 1.2 and will be removed in 1.4. Use `estimator_` instead.
  warnings.warn(msg, category=FutureWarning)
/users/ccsosaa/.local/lib/python3.9/site-packages/sklearn/utils/deprecation.py:101: FutureWarning: Attribute `base_estimator_` was deprecated in version 1.2 and will be removed in 1.4. Use `estimator_` instead.
  warnings.warn(msg, category=FutureWarning)
/users/ccsosaa/.local/lib/python3.9/site-packages/sklearn/utils/deprecation.py:101: FutureWarning: Attribute `base_estimator_` was deprecated in version 1.2 and will be removed in 1.4. Use `estimator_` instead.
  warnings.warn(msg, category=FutureWarning)
/users/ccsosaa/.local/lib/python3.9/site-packages/sklearn/utils/deprecation.py:101: FutureWarning: Attribute `base_estimator_` was deprecated in version 1.2 and will be removed in 1.4. Use `estimator_` instead.
  warnings.warn(msg, category=FutureWarning)
/users/ccsosaa/.local/lib/python3.9/site-packages/sklearn/utils/deprecation.py:101: FutureWarning: Attribute `base_estimator_` was deprecated in version 1.2 and will be removed in 1.4. Use `estimator_` instead.
  warnings.warn(msg, category=FutureWarning)
/users/ccsosaa/.local/lib/python3.9/site-packages/sklearn/utils/deprecation.py:101: FutureWarning: Attribute `base_estimator_` was deprecated in version 1.2 and will be removed in 1.4. Use `estimator_` instead.
  warnings.warn(msg, category=FutureWarning)
/users/ccsosaa/.local/lib/python3.9/site-packages/sklearn/utils/deprecation.py:101: FutureWarning: Attribute `base_estimator_` was deprecated in version 1.2 and will be removed in 1.4. Use `estimator_` instead.
  warnings.warn(msg, category=FutureWarning)
/users/ccsosaa/.local/lib/python3.9/site-packages/sklearn/utils/deprecation.py:101: FutureWarning: Attribute `base_estimator_` was deprecated in version 1.2 and will be removed in 1.4. Use `estimator_` instead.
  warnings.warn(msg, category=FutureWarning)
/users/ccsosaa/.local/lib/python3.9/site-packages/sklearn/utils/deprecation.py:101: FutureWarning: Attribute `base_estimator_` was deprecated in version 1.2 and will be removed in 1.4. Use `estimator_` instead.
  warnings.warn(msg, category=FutureWarning)
/users/ccsosaa/.local/lib/python3.9/site-packages/sklearn/utils/deprecation.py:101: FutureWarning: Attribute `base_estimator_` was deprecated in version 1.2 and will be removed in 1.4. Use `estimator_` instead.
  warnings.warn(msg, category=FutureWarning)
/users/ccsosaa/.local/lib/python3.9/site-packages/sklearn/utils/deprecation.py:101: FutureWarning: Attribute `base_estimator_` was deprecated in version 1.2 and will be removed in 1.4. Use `estimator_` instead.
  warnings.warn(msg, category=FutureWarning)
/users/ccsosaa/.local/lib/python3.9/site-packages/sklearn/utils/deprecation.py:101: FutureWarning: Attribute `base_estimator_` was deprecated in version 1.2 and will be removed in 1.4. Use `estimator_` instead.
  warnings.warn(msg, category=FutureWarning)
/users/ccsosaa/.local/lib/python3.9/site-packages/sklearn/utils/deprecation.py:101: FutureWarning: Attribute `base_estimator_` was deprecated in version 1.2 and will be removed in 1.4. Use `estimator_` instead.
  warnings.warn(msg, category=FutureWarning)
/users/ccsosaa/.local/lib/python3.9/site-packages/sklearn/utils/deprecation.py:101: FutureWarning: Attribute `base_estimator_` was deprecated in version 1.2 and will be removed in 1.4. Use `estimator_` instead.
  warnings.warn(msg, category=FutureWarning)
/users/ccsosaa/.local/lib/python3.9/site-packages/sklearn/utils/deprecation.py:101: FutureWarning: Attribute `base_estimator_` was deprecated in version 1.2 and will be removed in 1.4. Use `estimator_` instead.
  warnings.warn(msg, category=FutureWarning)
/users/ccsosaa/.local/lib/python3.9/site-packages/sklearn/utils/deprecation.py:101: FutureWarning: Attribute `base_estimator_` was deprecated in version 1.2 and will be removed in 1.4. Use `estimator_` instead.
  warnings.warn(msg, category=FutureWarning)
/users/ccsosaa/.local/lib/python3.9/site-packages/sklearn/utils/deprecation.py:101: FutureWarning: Attribute `base_estimator_` was deprecated in version 1.2 and will be removed in 1.4. Use `estimator_` instead.
  warnings.warn(msg, category=FutureWarning)
/users/ccsosaa/.local/lib/python3.9/site-packages/sklearn/utils/deprecation.py:101: FutureWarning: Attribute `base_estimator_` was deprecated in version 1.2 and will be removed in 1.4. Use `estimator_` instead.
  warnings.warn(msg, category=FutureWarning)
/users/ccsosaa/.local/lib/python3.9/site-packages/sklearn/utils/deprecation.py:101: FutureWarning: Attribute `base_estimator_` was deprecated in version 1.2 and will be removed in 1.4. Use `estimator_` instead.
  warnings.warn(msg, category=FutureWarning)
/users/ccsosaa/.local/lib/python3.9/site-packages/sklearn/utils/deprecation.py:101: FutureWarning: Attribute `base_estimator_` was deprecated in version 1.2 and will be removed in 1.4. Use `estimator_` instead.
  warnings.warn(msg, category=FutureWarning)
/users/ccsosaa/.local/lib/python3.9/site-packages/sklearn/utils/deprecation.py:101: FutureWarning: Attribute `base_estimator_` was deprecated in version 1.2 and will be removed in 1.4. Use `estimator_` instead.
  warnings.warn(msg, category=FutureWarning)
/users/ccsosaa/.local/lib/python3.9/site-packages/sklearn/utils/deprecation.py:101: FutureWarning: Attribute `base_estimator_` was deprecated in version 1.2 and will be removed in 1.4. Use `estimator_` instead.
  warnings.warn(msg, category=FutureWarning)
/users/ccsosaa/.local/lib/python3.9/site-packages/sklearn/utils/deprecation.py:101: FutureWarning: Attribute `base_estimator_` was deprecated in version 1.2 and will be removed in 1.4. Use `estimator_` instead.
  warnings.warn(msg, category=FutureWarning)
/users/ccsosaa/.local/lib/python3.9/site-packages/sklearn/utils/deprecation.py:101: FutureWarning: Attribute `base_estimator_` was deprecated in version 1.2 and will be removed in 1.4. Use `estimator_` instead.
  warnings.warn(msg, category=FutureWarning)
/users/ccsosaa/.local/lib/python3.9/site-packages/sklearn/utils/deprecation.py:101: FutureWarning: Attribute `base_estimator_` was deprecated in version 1.2 and will be removed in 1.4. Use `estimator_` instead.
  warnings.warn(msg, category=FutureWarning)
/users/ccsosaa/.local/lib/python3.9/site-packages/sklearn/utils/deprecation.py:101: FutureWarning: Attribute `base_estimator_` was deprecated in version 1.2 and will be removed in 1.4. Use `estimator_` instead.
  warnings.warn(msg, category=FutureWarning)
/users/ccsosaa/.local/lib/python3.9/site-packages/sklearn/utils/deprecation.py:101: FutureWarning: Attribute `base_estimator_` was deprecated in version 1.2 and will be removed in 1.4. Use `estimator_` instead.
  warnings.warn(msg, category=FutureWarning)
/users/ccsosaa/.local/lib/python3.9/site-packages/sklearn/utils/deprecation.py:101: FutureWarning: Attribute `base_estimator_` was deprecated in version 1.2 and will be removed in 1.4. Use `estimator_` instead.
  warnings.warn(msg, category=FutureWarning)
/users/ccsosaa/.local/lib/python3.9/site-packages/sklearn/utils/deprecation.py:101: FutureWarning: Attribute `base_estimator_` was deprecated in version 1.2 and will be removed in 1.4. Use `estimator_` instead.
  warnings.warn(msg, category=FutureWarning)
/users/ccsosaa/.local/lib/python3.9/site-packages/sklearn/utils/deprecation.py:101: FutureWarning: Attribute `base_estimator_` was deprecated in version 1.2 and will be removed in 1.4. Use `estimator_` instead.
  warnings.warn(msg, category=FutureWarning)
/users/ccsosaa/.local/lib/python3.9/site-packages/sklearn/utils/deprecation.py:101: FutureWarning: Attribute `base_estimator_` was deprecated in version 1.2 and will be removed in 1.4. Use `estimator_` instead.
  warnings.warn(msg, category=FutureWarning)
/users/ccsosaa/.local/lib/python3.9/site-packages/sklearn/utils/deprecation.py:101: FutureWarning: Attribute `base_estimator_` was deprecated in version 1.2 and will be removed in 1.4. Use `estimator_` instead.
  warnings.warn(msg, category=FutureWarning)
/users/ccsosaa/.local/lib/python3.9/site-packages/sklearn/utils/deprecation.py:101: FutureWarning: Attribute `base_estimator_` was deprecated in version 1.2 and will be removed in 1.4. Use `estimator_` instead.
  warnings.warn(msg, category=FutureWarning)
/users/ccsosaa/.local/lib/python3.9/site-packages/sklearn/utils/deprecation.py:101: FutureWarning: Attribute `base_estimator_` was deprecated in version 1.2 and will be removed in 1.4. Use `estimator_` instead.
  warnings.warn(msg, category=FutureWarning)
/users/ccsosaa/.local/lib/python3.9/site-packages/sklearn/utils/deprecation.py:101: FutureWarning: Attribute `base_estimator_` was deprecated in version 1.2 and will be removed in 1.4. Use `estimator_` instead.
  warnings.warn(msg, category=FutureWarning)
/users/ccsosaa/.local/lib/python3.9/site-packages/sklearn/utils/deprecation.py:101: FutureWarning: Attribute `base_estimator_` was deprecated in version 1.2 and will be removed in 1.4. Use `estimator_` instead.
  warnings.warn(msg, category=FutureWarning)
/users/ccsosaa/.local/lib/python3.9/site-packages/sklearn/utils/deprecation.py:101: FutureWarning: Attribute `base_estimator_` was deprecated in version 1.2 and will be removed in 1.4. Use `estimator_` instead.
  warnings.warn(msg, category=FutureWarning)
/users/ccsosaa/.local/lib/python3.9/site-packages/sklearn/utils/deprecation.py:101: FutureWarning: Attribute `base_estimator_` was deprecated in version 1.2 and will be removed in 1.4. Use `estimator_` instead.
  warnings.warn(msg, category=FutureWarning)
0.006582779913783032
              precision    recall  f1-score   support

           0       0.78      0.01      0.03     17166
           1       0.00      0.00      0.00        62

    accuracy                           0.01     17228
   macro avg       0.39      0.01      0.01     17228
weighted avg       0.78      0.01      0.03     17228

AUC AUCcr ACCURACY BALANCED ACCURACY F MCC ALPHA
[[0.006582779913783032, -74.4557522123897, -0.9701648479219841, -36.97787610619485, 0.0, -0.016497676122837996, 0.9868344401724339]]
LDA
0.7641558895491087
              precision    recall  f1-score   support

           0       1.00      0.53      0.69     17166
           1       0.01      1.00      0.02        62

    accuracy                           0.53     17228
   macro avg       0.50      0.76      0.35     17228
weighted avg       1.00      0.53      0.69     17228

AUC AUCcr ACCURACY BALANCED ACCURACY F MCC ALPHA
[[0.7641558895491087, 0.5535891498511414, 1.0, 1.0, 1.0, 0.27710800876581226, 0.4716882209017826]]
RANDOM FOREST
/users/ccsosaa/pecanpy/PULEARN_JJG.py:345: FutureWarning: The frame.append method is deprecated and will be removed from pandas in a future version. Use pandas.concat instead.
  fixed_met_df = fixed_met_df.append(fixed_RF_m, ignore_index=False)
/users/ccsosaa/pecanpy/PULEARN_JJG.py:346: FutureWarning: The frame.append method is deprecated and will be removed from pandas in a future version. Use pandas.concat instead.
  fixed_met_df = fixed_met_df.append(fixed_LDA_m, ignore_index=True)
/users/ccsosaa/pecanpy/PULEARN_JJG.py:360: SettingWithCopyWarning: 
A value is trying to be set on a copy of a slice from a DataFrame

See the caveats in the documentation: https://pandas.pydata.org/pandas-docs/stable/user_guide/indexing.html#returning-a-view-versus-a-copy
  results["pred_svm"][i] = 0
/users/ccsosaa/pecanpy/PULEARN_JJG.py:366: SettingWithCopyWarning: 
A value is trying to be set on a copy of a slice from a DataFrame

See the caveats in the documentation: https://pandas.pydata.org/pandas-docs/stable/user_guide/indexing.html#returning-a-view-versus-a-copy
  results["pred_lda"][i] = 0
/users/ccsosaa/pecanpy/PULEARN_JJG.py:364: SettingWithCopyWarning: 
A value is trying to be set on a copy of a slice from a DataFrame

See the caveats in the documentation: https://pandas.pydata.org/pandas-docs/stable/user_guide/indexing.html#returning-a-view-versus-a-copy
  results["pred_lda"][i] = 1
/users/ccsosaa/pecanpy/PULEARN_JJG.py:372: SettingWithCopyWarning: 
A value is trying to be set on a copy of a slice from a DataFrame

See the caveats in the documentation: https://pandas.pydata.org/pandas-docs/stable/user_guide/indexing.html#returning-a-view-versus-a-copy
  results["pred_rf"][i] = 0
0.7217756029360364
              precision    recall  f1-score   support

           0       1.00      0.44      0.61     17166
           1       0.01      1.00      0.01        62

    accuracy                           0.45     17228
   macro avg       0.50      0.72      0.31     17228
weighted avg       1.00      0.45      0.61     17228

AUC AUCcr ACCURACY BALANCED ACCURACY F MCC ALPHA
[[0.7217756029360364, 0.37273443656422395, 0.9999999999999999, 1.0, 0.9999999999999998, 0.19532418405812232, 0.5564487941279272]]
